[debug] [2019-12-06T03:26:52.320Z] ----------------------------------------------------------------------
[debug] [2019-12-06T03:26:52.322Z] Command:       /usr/local/Cellar/node@12/12.13.1/bin/node /usr/local/bin/firebase functions:shell
[debug] [2019-12-06T03:26:52.322Z] CLI Version:   7.9.0
[debug] [2019-12-06T03:26:52.322Z] Platform:      darwin
[debug] [2019-12-06T03:26:52.322Z] Node Version:  v12.13.1
[debug] [2019-12-06T03:26:52.323Z] Time:          Fri Dec 06 2019 14:26:52 GMT+1100 (Australian Eastern Daylight Time)
[debug] [2019-12-06T03:26:52.323Z] ----------------------------------------------------------------------
[debug] [2019-12-06T03:26:52.323Z] 
[debug] [2019-12-06T03:26:52.328Z] > command requires scopes: ["email","openid","https://www.googleapis.com/auth/cloudplatformprojects.readonly","https://www.googleapis.com/auth/firebase","https://www.googleapis.com/auth/cloud-platform"]
[debug] [2019-12-06T03:26:52.329Z] > authorizing via signed-in user
[debug] [2019-12-06T03:26:52.329Z] [iam] checking project specttra-prod for permissions ["firebase.projects.get"]
[debug] [2019-12-06T03:26:52.330Z] >>> HTTP REQUEST POST https://cloudresourcemanager.googleapis.com/v1/projects/specttra-prod:testIamPermissions  

[debug] [2019-12-06T03:26:53.761Z] <<< HTTP RESPONSE 200
[warn] ⚠  Your requested "node" version "8" doesn't match your global version "12"
[info] ✔  functions: Emulator started at http://localhost:5000
[debug] [2019-12-06T03:26:54.036Z] [functions] Watching "/Users/renan/development/specttra-website/functions" for Cloud Functions...
[debug] [2019-12-06T03:26:54.044Z] DEBUG: [worker-~diagnostic~-9ed7f936-12a9-42cd-ada1-e0810b01ad36]: Assigning socketPath: /var/folders/0x/gd0wy65s7yd73kmbyzs1k_pr0000gp/T/fire_emu_8496.sock
[debug] [2019-12-06T03:26:54.044Z] DEBUG: [worker-~diagnostic~-9ed7f936-12a9-42cd-ada1-e0810b01ad36]: BUSY
[debug] [2019-12-06T03:26:54.237Z] DEBUG: [runtime-status] [8496] Functions runtime initialized. {"cwd":"/Users/renan/development/specttra-website/functions","node_version":"12.13.1"}
[debug] [2019-12-06T03:26:54.238Z] DEBUG: [runtime-status] [8496] Disabled runtime features: {"functions_config_helper":true,"network_filtering":true,"timeout":true,"memory_limiting":true,"admin_stubs":true,"pubsub_emulator":true}
[debug] [2019-12-06T03:26:54.240Z] DEBUG: [runtime-status] [8496] Resolved module firebase-admin {"declared":true,"installed":true,"version":"8.8.0","resolution":"/Users/renan/development/specttra-website/functions/node_modules/firebase-admin/lib/index.js"}
[debug] [2019-12-06T03:26:54.240Z] DEBUG: [runtime-status] [8496] Resolved module firebase-functions {"declared":true,"installed":true,"version":"3.3.0","resolution":"/Users/renan/development/specttra-website/functions/node_modules/firebase-functions/lib/index.js"}
[debug] [2019-12-06T03:26:54.241Z] DEBUG: [runtime-status] [8496] Resolved module firebase-functions {"declared":true,"installed":true,"version":"3.3.0","resolution":"/Users/renan/development/specttra-website/functions/node_modules/firebase-functions/lib/index.js"}
[warn] ⚠  TypeError: Cannot read property 'email' of undefined
    at Object.<anonymous> (/Users/renan/development/specttra-website/functions/index.js:7:44)
    at Module._compile (internal/modules/cjs/loader.js:959:30)
    at Object.Module._extensions..js (internal/modules/cjs/loader.js:995:10)
    at Module.load (internal/modules/cjs/loader.js:815:32)
    at Function.Module._load (internal/modules/cjs/loader.js:727:14)
    at Module.require (internal/modules/cjs/loader.js:852:19)
    at require (internal/modules/cjs/helpers.js:74:18)
    at /usr/local/lib/node_modules/firebase-tools/lib/emulator/functionsEmulatorRuntime.js:718:33
    at Generator.next (<anonymous>)
    at fulfilled (/usr/local/lib/node_modules/firebase-tools/lib/emulator/functionsEmulatorRuntime.js:4:58)
[warn] ⚠  We were unable to load your functions code. (see above)
[debug] [2019-12-06T03:26:54.346Z] DEBUG: [worker-~diagnostic~-9ed7f936-12a9-42cd-ada1-e0810b01ad36]: exited
[debug] [2019-12-06T03:26:54.346Z] DEBUG: [worker-~diagnostic~-9ed7f936-12a9-42cd-ada1-e0810b01ad36]: FINISHED
